<?xml version="1.0" encoding="UTF-8"?>
<!-- Generated by org.testng.reporters.JUnitReportReporter -->
<testsuite skipped="0" hostname="varsha-desktop" name="xuriti.Auto.TestCases.TC_10_Login" tests="2" failures="0" timestamp="2022-04-07T15:42:46 IST" time="10.773" errors="0">
  <testcase name="test1" time="3.225" classname="xuriti.Auto.TestCases.TC_10_Login"/>
  <system-out/>
  <testcase name="test2" time="7.548" classname="xuriti.Auto.TestCases.TC_10_Login"/>
  <system-out/>
</testsuite> <!-- xuriti.Auto.TestCases.TC_10_Login -->
