<?xml version="1.0" encoding="UTF-8"?>
<!-- Generated by org.testng.reporters.JUnitReportReporter -->
<testsuite skipped="0" hostname="varsha-desktop" name="xuriti.Auto.TestCases.TC_08_EnterOTP" tests="3" failures="0" timestamp="2022-04-07T12:37:52 IST" time="31.030" errors="0">
  <testcase name="test1" time="3.014" classname="xuriti.Auto.TestCases.TC_08_EnterOTP"/>
  <system-out/>
  <testcase name="test2" time="17.784" classname="xuriti.Auto.TestCases.TC_08_EnterOTP"/>
  <system-out/>
  <testcase name="test3" time="10.232" classname="xuriti.Auto.TestCases.TC_08_EnterOTP"/>
  <system-out/>
</testsuite> <!-- xuriti.Auto.TestCases.TC_08_EnterOTP -->
