<?xml version="1.0" encoding="UTF-8"?>
<!-- Generated by org.testng.reporters.JUnitReportReporter -->
<testsuite hostname="varsha-desktop" failures="0" tests="2" name="Xuriti.Auto.TestCases.TC_06_Signup" time="20.816" errors="0" timestamp="2022-04-05T16:38:21 IST" skipped="0">
  <testcase classname="Xuriti.Auto.TestCases.TC_06_Signup" name="test2" time="17.812"/>
  <system-out/>
  <testcase classname="Xuriti.Auto.TestCases.TC_06_Signup" name="test1" time="3.004"/>
  <system-out/>
</testsuite> <!-- Xuriti.Auto.TestCases.TC_06_Signup -->
