<?xml version="1.0" encoding="UTF-8"?>
<!-- Generated by org.testng.reporters.JUnitReportReporter -->
<testsuite skipped="0" hostname="varsha-desktop" name="xuriti.Auto.TestCases.TC_12_Add_User" tests="3" failures="0" timestamp="2022-04-08T11:12:00 IST" time="55.029" errors="0">
  <testcase name="test3" time="44.242" classname="xuriti.Auto.TestCases.TC_12_Add_User"/>
  <system-out/>
  <testcase name="test2" time="7.650" classname="xuriti.Auto.TestCases.TC_12_Add_User"/>
  <system-out/>
  <testcase name="test1" time="3.137" classname="xuriti.Auto.TestCases.TC_12_Add_User"/>
  <system-out/>
</testsuite> <!-- xuriti.Auto.TestCases.TC_12_Add_User -->
