<?xml version="1.0" encoding="UTF-8"?>
<!-- Generated by org.testng.reporters.JUnitReportReporter -->
<testsuite skipped="0" hostname="varsha-desktop" name="Xuriti.Auto.TestCases.TC_01_end_end_flow" tests="6" failures="0" timestamp="2022-04-06T17:11:34 IST" time="52.103" errors="0">
  <testcase name="test1" time="4.406" classname="Xuriti.Auto.TestCases.TC_01_end_end_flow"/>
  <system-out/>
  <testcase name="test4" time="9.320" classname="Xuriti.Auto.TestCases.TC_01_end_end_flow"/>
  <system-out/>
  <testcase name="test2" time="17.736" classname="Xuriti.Auto.TestCases.TC_01_end_end_flow"/>
  <system-out/>
  <testcase name="test7" time="5.139" classname="Xuriti.Auto.TestCases.TC_01_end_end_flow"/>
  <system-out/>
  <testcase name="test5" time="5.308" classname="Xuriti.Auto.TestCases.TC_01_end_end_flow"/>
  <system-out/>
  <testcase name="test3" time="10.194" classname="Xuriti.Auto.TestCases.TC_01_end_end_flow"/>
  <system-out/>
</testsuite> <!-- Xuriti.Auto.TestCases.TC_01_end_end_flow -->
