<?xml version="1.0" encoding="UTF-8"?>
<!-- Generated by org.testng.reporters.JUnitReportReporter -->
<testsuite skipped="0" hostname="varsha-desktop" name="xuriti.Auto.TestCases.TC_06_Signup" tests="2" failures="0" timestamp="2022-04-07T14:09:22 IST" time="20.953" errors="0">
  <testcase name="test1" time="3.111" classname="xuriti.Auto.TestCases.TC_06_Signup"/>
  <system-out/>
  <testcase name="test2" time="17.842" classname="xuriti.Auto.TestCases.TC_06_Signup"/>
  <system-out/>
</testsuite> <!-- xuriti.Auto.TestCases.TC_06_Signup -->
