<?xml version="1.0" encoding="UTF-8"?>
<!-- Generated by org.testng.reporters.JUnitReportReporter -->
<testsuite skipped="0" hostname="varsha-desktop" name="xuriti.Auto.TestCases.TC_11_Register_Company" tests="3" failures="0" timestamp="2022-04-08T10:50:50 IST" time="40.526" errors="0">
  <testcase name="test2" time="7.594" classname="xuriti.Auto.TestCases.TC_11_Register_Company"/>
  <system-out/>
  <testcase name="test3" time="29.619" classname="xuriti.Auto.TestCases.TC_11_Register_Company"/>
  <system-out/>
  <testcase name="test1" time="3.313" classname="xuriti.Auto.TestCases.TC_11_Register_Company"/>
  <system-out/>
</testsuite> <!-- xuriti.Auto.TestCases.TC_11_Register_Company -->
