<?xml version="1.0" encoding="UTF-8"?>
<!-- Generated by org.testng.reporters.JUnitReportReporter -->
<testsuite skipped="0" hostname="varsha-desktop" name="xuriti.Auto.TestCases.TC_09_Forgot_Pass" tests="1" failures="0" timestamp="2022-04-08T11:21:45 IST" time="18.450" errors="0">
  <testcase name="test12" time="18.450" classname="xuriti.Auto.TestCases.TC_09_Forgot_Pass"/>
  <system-out/>
</testsuite> <!-- xuriti.Auto.TestCases.TC_09_Forgot_Pass -->
