<?xml version="1.0" encoding="UTF-8"?>
<!-- Generated by org.testng.reporters.JUnitReportReporter -->
<testsuite skipped="0" hostname="varsha-desktop" name="xuriti.Auto.TestCases.TC_08_Login_with_google" tests="1" failures="0" timestamp="2022-04-08T11:21:07 IST" time="8.226" errors="0">
  <testcase name="test14" time="8.226" classname="xuriti.Auto.TestCases.TC_08_Login_with_google"/>
  <system-out/>
</testsuite> <!-- xuriti.Auto.TestCases.TC_08_Login_with_google -->
