<?xml version="1.0" encoding="UTF-8"?>
<!-- Generated by org.testng.reporters.JUnitReportReporter -->
<testsuite skipped="0" hostname="varsha-desktop" name="xuriti.Auto.TestCases.TC_Login_10_Credentials" tests="1" failures="0" timestamp="2022-04-08T11:23:10 IST" time="10.449" errors="0">
  <testcase name="test1" time="10.449" classname="xuriti.Auto.TestCases.TC_Login_10_Credentials"/>
  <system-out/>
</testsuite> <!-- xuriti.Auto.TestCases.TC_Login_10_Credentials -->
